<?xml version="1.0" encoding="UTF-8"?>
<testsuite xmlns:xsi="http://www.w3.org/2001/XMLSchema-instance" xsi:noNamespaceSchemaLocation="https://maven.apache.org/surefire/maven-surefire-plugin/xsd/surefire-test-report-3.0.xsd" version="3.0" name="unlp.info.bd2.ToursQuerysTests" time="1.057" tests="11" errors="0" skipped="0" failures="0">
  <properties>
[...]
</properties>
  <testcase name="getRoutsNotSellTest" classname="unlp.info.bd2.ToursQuerysTests" time="0.01">
    <system-out><![CDATA[=== DATABASE CONFIG ===
URL: jdbc:mysql://localhost:3306/bd2_tours?createDatabaseIfNotExist=true&useSSL=false&useTimezone=true&serverTimezone=UTC
Username: root
Password is empty? false
15:30:59.147 [main] INFO org.hibernate.cache.internal.RegionFactoryInitiator -- HHH000026: Second-level cache disabled
15:30:59.158 [main] WARN org.hibernate.orm.deprecation -- HHH90000025: MySQL8Dialect does not need to be specified explicitly using 'hibernate.dialect' (remove the property setting and it will be selected by default)
15:30:59.158 [main] WARN org.hibernate.orm.deprecation -- HHH90000026: MySQL8Dialect has been deprecated; use org.hibernate.dialect.MySQLDialect instead
15:30:59.252 [main] INFO org.hibernate.engine.transaction.jta.platform.internal.JtaPlatformInitiator -- HHH000489: No JTA platform available (set 'hibernate.transaction.jta.platform' to enable JTA platform integration)
Hibernate: 
    alter table ItemService 
       drop 
       foreign key FK3irqogllelbjchciuu8lkqhsa
Hibernate: 
    alter table ItemService 
       drop 
       foreign key FKdqafsabu7oglu7hym59ynnhu8
Hibernate: 
    alter table Purchase 
       drop 
       foreign key FKmegulceyii61cx6yvqjk2arme
Hibernate: 
    alter table Purchase 
       drop 
       foreign key FKc5pxmo7k6amr75sc6lb8cs46e
Hibernate: 
    alter table Review 
       drop 
       foreign key FKllu3c5acfdsewb2fg2s1e0dfd
Hibernate: 
    alter table route_driver 
       drop 
       foreign key FK13ixu5p9vapd8sj0likxk73vj
Hibernate: 
    alter table route_driver 
       drop 
       foreign key FKf5b89brixnxjua499h8akt4dt
Hibernate: 
    alter table route_stop 
       drop 
       foreign key FKdhlwk9t89bsdrleqsk6a1edns
Hibernate: 
    alter table route_stop 
       drop 
       foreign key FKsdni7jndcjyk8dd3sscmipo4y
Hibernate: 
    alter table route_tourguide 
       drop 
       foreign key FK9am3gtr2q0trr8fkusjcqilgw
Hibernate: 
    alter table route_tourguide 
       drop 
       foreign key FKd94lmt53vdtw5gbbu17mfhf5n
Hibernate: 
    alter table services 
       drop 
       foreign key FKomh887v80pev8nag0f0f4rcba
Hibernate: 
    drop table if exists ItemService
Hibernate: 
    drop table if exists Purchase
Hibernate: 
    drop table if exists Review
Hibernate: 
    drop table if exists Route
Hibernate: 
    drop table if exists route_driver
Hibernate: 
    drop table if exists route_stop
Hibernate: 
    drop table if exists route_tourguide
Hibernate: 
    drop table if exists services
Hibernate: 
    drop table if exists Stop
Hibernate: 
    drop table if exists Supplier
Hibernate: 
    drop table if exists users
Hibernate: 
    create table ItemService (
        quantity integer not null,
        id bigint not null auto_increment,
        purchase_id bigint not null,
        service_id bigint not null,
        primary key (id)
    ) engine=InnoDB
Hibernate: 
    create table Purchase (
        totalPrice float(23) not null,
        date datetime(6),
        id bigint not null auto_increment,
        route_id bigint not null,
        user_id bigint not null,
        code varchar(255),
        primary key (id)
    ) engine=InnoDB
Hibernate: 
    create table Review (
        rating integer not null,
        id bigint not null auto_increment,
        purchase_id bigint not null,
        comment varchar(255),
        primary key (id)
    ) engine=InnoDB
Hibernate: 
    create table Route (
        maxNumberOfUsers integer not null,
        price float(23) not null,
        totalKm float(23) not null,
        id bigint not null auto_increment,
        name varchar(255),
        primary key (id)
    ) engine=InnoDB
Hibernate: 
    create table route_driver (
        driver_id bigint not null,
        route_id bigint not null
    ) engine=InnoDB
Hibernate: 
    create table route_stop (
        route_id bigint not null,
        stop_id bigint not null
    ) engine=InnoDB
Hibernate: 
    create table route_tourguide (
        route_id bigint not null,
        tourguide_id bigint not null
    ) engine=InnoDB
Hibernate: 
    create table services (
        price float(53) not null,
        id bigint not null auto_increment,
        supplier_id bigint not null,
        name varchar(100) not null,
        description varchar(255),
        primary key (id)
    ) engine=InnoDB
Hibernate: 
    create table Stop (
        id bigint not null auto_increment,
        description varchar(255),
        name varchar(255),
        primary key (id)
    ) engine=InnoDB
Hibernate: 
    create table Supplier (
        id bigint not null auto_increment,
        authorizationNumber varchar(255),
        businessName varchar(255),
        primary key (id)
    ) engine=InnoDB
Hibernate: 
    create table users (
        active bit not null,
        birthdate datetime(6),
        id bigint not null auto_increment,
        user_type varchar(31) not null,
        education varchar(255),
        email varchar(255),
        expedient varchar(255),
        name varchar(255),
        password varchar(255),
        phoneNumber varchar(255),
        username varchar(255),
        primary key (id)
    ) engine=InnoDB
Hibernate: 
    alter table Review 
       add constraint UK_k1hayctsk7sh28pkewme2cpwh unique (purchase_id)
Hibernate: 
    alter table services 
       add constraint UK_h4rqgjwnqidx6mvj4i22dxwxe unique (name)
Hibernate: 
    alter table ItemService 
       add constraint FK3irqogllelbjchciuu8lkqhsa 
       foreign key (purchase_id) 
       references Purchase (id)
Hibernate: 
    alter table ItemService 
       add constraint FKdqafsabu7oglu7hym59ynnhu8 
       foreign key (service_id) 
       references services (id)
Hibernate: 
    alter table Purchase 
       add constraint FKmegulceyii61cx6yvqjk2arme 
       foreign key (route_id) 
       references Route (id)
Hibernate: 
    alter table Purchase 
       add constraint FKc5pxmo7k6amr75sc6lb8cs46e 
       foreign key (user_id) 
       references users (id)
Hibernate: 
    alter table Review 
       add constraint FKllu3c5acfdsewb2fg2s1e0dfd 
       foreign key (purchase_id) 
       references Purchase (id)
Hibernate: 
    alter table route_driver 
       add constraint FK13ixu5p9vapd8sj0likxk73vj 
       foreign key (driver_id) 
       references users (id)
Hibernate: 
    alter table route_driver 
       add constraint FKf5b89brixnxjua499h8akt4dt 
       foreign key (route_id) 
       references Route (id)
Hibernate: 
    alter table route_stop 
       add constraint FKdhlwk9t89bsdrleqsk6a1edns 
       foreign key (stop_id) 
       references Stop (id)
Hibernate: 
    alter table route_stop 
       add constraint FKsdni7jndcjyk8dd3sscmipo4y 
       foreign key (route_id) 
       references Route (id)
Hibernate: 
    alter table route_tourguide 
       add constraint FK9am3gtr2q0trr8fkusjcqilgw 
       foreign key (tourguide_id) 
       references users (id)
Hibernate: 
    alter table route_tourguide 
       add constraint FKd94lmt53vdtw5gbbu17mfhf5n 
       foreign key (route_id) 
       references Route (id)
Hibernate: 
    alter table services 
       add constraint FKomh887v80pev8nag0f0f4rcba 
       foreign key (supplier_id) 
       references Supplier (id)
Hibernate: 
    select
        s1_0.id,
        s1_0.authorizationNumber,
        s1_0.businessName 
    from
        Supplier s1_0 
    where
        s1_0.authorizationNumber=?
Hibernate: 
    insert 
    into
        Supplier
        (authorizationNumber, businessName) 
    values
        (?, ?)
Hibernate: 
    select
        s1_0.id,
        s1_0.authorizationNumber,
        s1_0.businessName 
    from
        Supplier s1_0 
    where
        s1_0.authorizationNumber=?
Hibernate: 
    insert 
    into
        Supplier
        (authorizationNumber, businessName) 
    values
        (?, ?)
Hibernate: 
    select
        s1_0.id,
        s1_0.authorizationNumber,
        s1_0.businessName 
    from
        Supplier s1_0 
    where
        s1_0.authorizationNumber=?
Hibernate: 
    insert 
    into
        Supplier
        (authorizationNumber, businessName) 
    values
        (?, ?)
Hibernate: 
    select
        s1_0.id,
        s1_0.authorizationNumber,
        s1_0.businessName 
    from
        Supplier s1_0 
    where
        s1_0.authorizationNumber=?
Hibernate: 
    insert 
    into
        Supplier
        (authorizationNumber, businessName) 
    values
        (?, ?)
Hibernate: 
    select
        s1_0.id,
        s1_0.authorizationNumber,
        s1_0.businessName 
    from
        Supplier s1_0 
    where
        s1_0.authorizationNumber=?
Hibernate: 
    insert 
    into
        Supplier
        (authorizationNumber, businessName) 
    values
        (?, ?)
Hibernate: 
    insert 
    into
        services
        (description, name, price, supplier_id) 
    values
        (?, ?, ?, ?)
Hibernate: 
    insert 
    into
        services
        (description, name, price, supplier_id) 
    values
        (?, ?, ?, ?)
Hibernate: 
    insert 
    into
        services
        (description, name, price, supplier_id) 
    values
        (?, ?, ?, ?)
Hibernate: 
    insert 
    into
        services
        (description, name, price, supplier_id) 
    values
        (?, ?, ?, ?)
Hibernate: 
    insert 
    into
        services
        (description, name, price, supplier_id) 
    values
        (?, ?, ?, ?)
Hibernate: 
    insert 
    into
        services
        (description, name, price, supplier_id) 
    values
        (?, ?, ?, ?)
Hibernate: 
    insert 
    into
        services
        (description, name, price, supplier_id) 
    values
        (?, ?, ?, ?)
Hibernate: 
    insert 
    into
        services
        (description, name, price, supplier_id) 
    values
        (?, ?, ?, ?)
Hibernate: 
    insert 
    into
        services
        (description, name, price, supplier_id) 
    values
        (?, ?, ?, ?)
Hibernate: 
    insert 
    into
        Stop
        (description, name) 
    values
        (?, ?)
Hibernate: 
    insert 
    into
        Stop
        (description, name) 
    values
        (?, ?)
Hibernate: 
    insert 
    into
        Stop
        (description, name) 
    values
        (?, ?)
Hibernate: 
    insert 
    into
        Stop
        (description, name) 
    values
        (?, ?)
Hibernate: 
    insert 
    into
        Stop
        (description, name) 
    values
        (?, ?)
Hibernate: 
    insert 
    into
        Stop
        (description, name) 
    values
        (?, ?)
Hibernate: 
    insert 
    into
        Stop
        (description, name) 
    values
        (?, ?)
Hibernate: 
    insert 
    into
        Stop
        (description, name) 
    values
        (?, ?)
Hibernate: 
    insert 
    into
        Stop
        (description, name) 
    values
        (?, ?)
Hibernate: 
    insert 
    into
        Stop
        (description, name) 
    values
        (?, ?)
Hibernate: 
    insert 
    into
        Stop
        (description, name) 
    values
        (?, ?)
Hibernate: 
    insert 
    into
        Stop
        (description, name) 
    values
        (?, ?)
Hibernate: 
    insert 
    into
        Stop
        (description, name) 
    values
        (?, ?)
Hibernate: 
    insert 
    into
        Stop
        (description, name) 
    values
        (?, ?)
Hibernate: 
    insert 
    into
        Stop
        (description, name) 
    values
        (?, ?)
Hibernate: 
    insert 
    into
        Stop
        (description, name) 
    values
        (?, ?)
Hibernate: 
    insert 
    into
        Stop
        (description, name) 
    values
        (?, ?)
Hibernate: 
    insert 
    into
        Stop
        (description, name) 
    values
        (?, ?)
Hibernate: 
    insert 
    into
        Stop
        (description, name) 
    values
        (?, ?)
Hibernate: 
    insert 
    into
        Stop
        (description, name) 
    values
        (?, ?)
Hibernate: 
    select
        u1_0.id,
        u1_0.user_type,
        u1_0.active,
        u1_0.birthdate,
        u1_0.email,
        u1_0.name,
        u1_0.password,
        u1_0.phoneNumber,
        u1_0.username,
        u1_0.expedient,
        u1_0.education 
    from
        users u1_0 
    where
        u1_0.username=?
Hibernate: 
    insert 
    into
        users
        (active, birthdate, email, name, password, phoneNumber, username, user_type) 
    values
        (?, ?, ?, ?, ?, ?, ?, 'User')
Hibernate: 
    select
        u1_0.id,
        u1_0.user_type,
        u1_0.active,
        u1_0.birthdate,
        u1_0.email,
        u1_0.name,
        u1_0.password,
        u1_0.phoneNumber,
        u1_0.username,
        u1_0.expedient,
        u1_0.education 
    from
        users u1_0 
    where
        u1_0.username=?
Hibernate: 
    insert 
    into
        users
        (active, birthdate, email, name, password, phoneNumber, username, user_type) 
    values
        (?, ?, ?, ?, ?, ?, ?, 'User')
Hibernate: 
    select
        u1_0.id,
        u1_0.user_type,
        u1_0.active,
        u1_0.birthdate,
        u1_0.email,
        u1_0.name,
        u1_0.password,
        u1_0.phoneNumber,
        u1_0.username,
        u1_0.expedient,
        u1_0.education 
    from
        users u1_0 
    where
        u1_0.username=?
Hibernate: 
    insert 
    into
        users
        (active, birthdate, email, name, password, phoneNumber, username, user_type) 
    values
        (?, ?, ?, ?, ?, ?, ?, 'User')
Hibernate: 
    select
        u1_0.id,
        u1_0.user_type,
        u1_0.active,
        u1_0.birthdate,
        u1_0.email,
        u1_0.name,
        u1_0.password,
        u1_0.phoneNumber,
        u1_0.username,
        u1_0.expedient,
        u1_0.education 
    from
        users u1_0 
    where
        u1_0.username=?
Hibernate: 
    insert 
    into
        users
        (active, birthdate, email, name, password, phoneNumber, username, user_type) 
    values
        (?, ?, ?, ?, ?, ?, ?, 'User')
Hibernate: 
    select
        u1_0.id,
        u1_0.user_type,
        u1_0.active,
        u1_0.birthdate,
        u1_0.email,
        u1_0.name,
        u1_0.password,
        u1_0.phoneNumber,
        u1_0.username,
        u1_0.expedient,
        u1_0.education 
    from
        users u1_0 
    where
        u1_0.username=?
Hibernate: 
    insert 
    into
        users
        (active, birthdate, email, name, password, phoneNumber, username, user_type) 
    values
        (?, ?, ?, ?, ?, ?, ?, 'User')
Hibernate: 
    select
        u1_0.id,
        u1_0.user_type,
        u1_0.active,
        u1_0.birthdate,
        u1_0.email,
        u1_0.name,
        u1_0.password,
        u1_0.phoneNumber,
        u1_0.username,
        u1_0.expedient,
        u1_0.education 
    from
        users u1_0 
    where
        u1_0.username=?
Hibernate: 
    insert 
    into
        users
        (active, birthdate, email, name, password, phoneNumber, username, user_type) 
    values
        (?, ?, ?, ?, ?, ?, ?, 'User')
Hibernate: 
    select
        u1_0.id,
        u1_0.user_type,
        u1_0.active,
        u1_0.birthdate,
        u1_0.email,
        u1_0.name,
        u1_0.password,
        u1_0.phoneNumber,
        u1_0.username,
        u1_0.expedient,
        u1_0.education 
    from
        users u1_0 
    where
        u1_0.username=?
Hibernate: 
    insert 
    into
        users
        (active, birthdate, email, name, password, phoneNumber, username, user_type) 
    values
        (?, ?, ?, ?, ?, ?, ?, 'User')
Hibernate: 
    select
        u1_0.id,
        u1_0.user_type,
        u1_0.active,
        u1_0.birthdate,
        u1_0.email,
        u1_0.name,
        u1_0.password,
        u1_0.phoneNumber,
        u1_0.username,
        u1_0.expedient,
        u1_0.education 
    from
        users u1_0 
    where
        u1_0.username=?
Hibernate: 
    insert 
    into
        users
        (active, birthdate, email, name, password, phoneNumber, username, user_type) 
    values
        (?, ?, ?, ?, ?, ?, ?, 'User')
Hibernate: 
    select
        u1_0.id,
        u1_0.user_type,
        u1_0.active,
        u1_0.birthdate,
        u1_0.email,
        u1_0.name,
        u1_0.password,
        u1_0.phoneNumber,
        u1_0.username,
        u1_0.expedient,
        u1_0.education 
    from
        users u1_0 
    where
        u1_0.username=?
Hibernate: 
    insert 
    into
        users
        (active, birthdate, email, name, password, phoneNumber, username, user_type) 
    values
        (?, ?, ?, ?, ?, ?, ?, 'User')
Hibernate: 
    select
        u1_0.id,
        u1_0.user_type,
        u1_0.active,
        u1_0.birthdate,
        u1_0.email,
        u1_0.name,
        u1_0.password,
        u1_0.phoneNumber,
        u1_0.username,
        u1_0.expedient,
        u1_0.education 
    from
        users u1_0 
    where
        u1_0.username=?
Hibernate: 
    insert 
    into
        users
        (active, birthdate, email, name, password, phoneNumber, username, user_type) 
    values
        (?, ?, ?, ?, ?, ?, ?, 'User')
Hibernate: 
    select
        u1_0.id,
        u1_0.user_type,
        u1_0.active,
        u1_0.birthdate,
        u1_0.email,
        u1_0.name,
        u1_0.password,
        u1_0.phoneNumber,
        u1_0.username,
        u1_0.expedient,
        u1_0.education 
    from
        users u1_0 
    where
        u1_0.username=?
Hibernate: 
    insert 
    into
        users
        (active, birthdate, email, name, password, phoneNumber, username, expedient, user_type) 
    values
        (?, ?, ?, ?, ?, ?, ?, ?, 'DRIVER')
Hibernate: 
    select
        u1_0.id,
        u1_0.user_type,
        u1_0.active,
        u1_0.birthdate,
        u1_0.email,
        u1_0.name,
        u1_0.password,
        u1_0.phoneNumber,
        u1_0.username,
        u1_0.expedient,
        u1_0.education 
    from
        users u1_0 
    where
        u1_0.username=?
Hibernate: 
    insert 
    into
        users
        (active, birthdate, email, name, password, phoneNumber, username, expedient, user_type) 
    values
        (?, ?, ?, ?, ?, ?, ?, ?, 'DRIVER')
Hibernate: 
    select
        u1_0.id,
        u1_0.user_type,
        u1_0.active,
        u1_0.birthdate,
        u1_0.email,
        u1_0.name,
        u1_0.password,
        u1_0.phoneNumber,
        u1_0.username,
        u1_0.expedient,
        u1_0.education 
    from
        users u1_0 
    where
        u1_0.username=?
Hibernate: 
    insert 
    into
        users
        (active, birthdate, email, name, password, phoneNumber, username, expedient, user_type) 
    values
        (?, ?, ?, ?, ?, ?, ?, ?, 'DRIVER')
Hibernate: 
    select
        u1_0.id,
        u1_0.user_type,
        u1_0.active,
        u1_0.birthdate,
        u1_0.email,
        u1_0.name,
        u1_0.password,
        u1_0.phoneNumber,
        u1_0.username,
        u1_0.expedient,
        u1_0.education 
    from
        users u1_0 
    where
        u1_0.username=?
Hibernate: 
    insert 
    into
        users
        (active, birthdate, email, name, password, phoneNumber, username, expedient, user_type) 
    values
        (?, ?, ?, ?, ?, ?, ?, ?, 'DRIVER')
Hibernate: 
    select
        u1_0.id,
        u1_0.user_type,
        u1_0.active,
        u1_0.birthdate,
        u1_0.email,
        u1_0.name,
        u1_0.password,
        u1_0.phoneNumber,
        u1_0.username,
        u1_0.expedient,
        u1_0.education 
    from
        users u1_0 
    where
        u1_0.username=?
Hibernate: 
    insert 
    into
        users
        (active, birthdate, email, name, password, phoneNumber, username, education, user_type) 
    values
        (?, ?, ?, ?, ?, ?, ?, ?, 'GUIDE')
Hibernate: 
    select
        u1_0.id,
        u1_0.user_type,
        u1_0.active,
        u1_0.birthdate,
        u1_0.email,
        u1_0.name,
        u1_0.password,
        u1_0.phoneNumber,
        u1_0.username,
        u1_0.expedient,
        u1_0.education 
    from
        users u1_0 
    where
        u1_0.username=?
Hibernate: 
    insert 
    into
        users
        (active, birthdate, email, name, password, phoneNumber, username, education, user_type) 
    values
        (?, ?, ?, ?, ?, ?, ?, ?, 'GUIDE')
Hibernate: 
    select
        u1_0.id,
        u1_0.user_type,
        u1_0.active,
        u1_0.birthdate,
        u1_0.email,
        u1_0.name,
        u1_0.password,
        u1_0.phoneNumber,
        u1_0.username,
        u1_0.expedient,
        u1_0.education 
    from
        users u1_0 
    where
        u1_0.username=?
Hibernate: 
    insert 
    into
        users
        (active, birthdate, email, name, password, phoneNumber, username, education, user_type) 
    values
        (?, ?, ?, ?, ?, ?, ?, ?, 'GUIDE')
Hibernate: 
    select
        u1_0.id,
        u1_0.user_type,
        u1_0.active,
        u1_0.birthdate,
        u1_0.email,
        u1_0.name,
        u1_0.password,
        u1_0.phoneNumber,
        u1_0.username,
        u1_0.expedient,
        u1_0.education 
    from
        users u1_0 
    where
        u1_0.username=?
Hibernate: 
    insert 
    into
        users
        (active, birthdate, email, name, password, phoneNumber, username, education, user_type) 
    values
        (?, ?, ?, ?, ?, ?, ?, ?, 'GUIDE')
Hibernate: 
    insert 
    into
        Route
        (maxNumberOfUsers, name, price, totalKm) 
    values
        (?, ?, ?, ?)
Hibernate: 
    insert 
    into
        Route
        (maxNumberOfUsers, name, price, totalKm) 
    values
        (?, ?, ?, ?)
Hibernate: 
    insert 
    into
        Route
        (maxNumberOfUsers, name, price, totalKm) 
    values
        (?, ?, ?, ?)
Hibernate: 
    insert 
    into
        Route
        (maxNumberOfUsers, name, price, totalKm) 
    values
        (?, ?, ?, ?)
Hibernate: 
    insert 
    into
        Route
        (maxNumberOfUsers, name, price, totalKm) 
    values
        (?, ?, ?, ?)
Hibernate: 
    insert 
    into
        route_driver
        (route_id, driver_id) 
    values
        (?, ?)
Hibernate: 
    insert 
    into
        route_driver
        (route_id, driver_id) 
    values
        (?, ?)
Hibernate: 
    insert 
    into
        route_stop
        (route_id, stop_id) 
    values
        (?, ?)
Hibernate: 
    insert 
    into
        route_stop
        (route_id, stop_id) 
    values
        (?, ?)
Hibernate: 
    insert 
    into
        route_stop
        (route_id, stop_id) 
    values
        (?, ?)
Hibernate: 
    insert 
    into
        route_stop
        (route_id, stop_id) 
    values
        (?, ?)
Hibernate: 
    insert 
    into
        route_stop
        (route_id, stop_id) 
    values
        (?, ?)
Hibernate: 
    insert 
    into
        route_stop
        (route_id, stop_id) 
    values
        (?, ?)
Hibernate: 
    insert 
    into
        route_stop
        (route_id, stop_id) 
    values
        (?, ?)
Hibernate: 
    insert 
    into
        route_stop
        (route_id, stop_id) 
    values
        (?, ?)
Hibernate: 
    insert 
    into
        route_stop
        (route_id, stop_id) 
    values
        (?, ?)
Hibernate: 
    insert 
    into
        route_tourguide
        (route_id, tourguide_id) 
    values
        (?, ?)
Hibernate: 
    insert 
    into
        route_driver
        (route_id, driver_id) 
    values
        (?, ?)
Hibernate: 
    insert 
    into
        route_driver
        (route_id, driver_id) 
    values
        (?, ?)
Hibernate: 
    insert 
    into
        route_stop
        (route_id, stop_id) 
    values
        (?, ?)
Hibernate: 
    insert 
    into
        route_stop
        (route_id, stop_id) 
    values
        (?, ?)
Hibernate: 
    insert 
    into
        route_stop
        (route_id, stop_id) 
    values
        (?, ?)
Hibernate: 
    insert 
    into
        route_stop
        (route_id, stop_id) 
    values
        (?, ?)
Hibernate: 
    insert 
    into
        route_stop
        (route_id, stop_id) 
    values
        (?, ?)
Hibernate: 
    insert 
    into
        route_stop
        (route_id, stop_id) 
    values
        (?, ?)
Hibernate: 
    insert 
    into
        route_tourguide
        (route_id, tourguide_id) 
    values
        (?, ?)
Hibernate: 
    insert 
    into
        route_tourguide
        (route_id, tourguide_id) 
    values
        (?, ?)
Hibernate: 
    insert 
    into
        route_driver
        (route_id, driver_id) 
    values
        (?, ?)
Hibernate: 
    insert 
    into
        route_stop
        (route_id, stop_id) 
    values
        (?, ?)
Hibernate: 
    insert 
    into
        route_stop
        (route_id, stop_id) 
    values
        (?, ?)
Hibernate: 
    insert 
    into
        route_stop
        (route_id, stop_id) 
    values
        (?, ?)
Hibernate: 
    insert 
    into
        route_stop
        (route_id, stop_id) 
    values
        (?, ?)
Hibernate: 
    insert 
    into
        route_stop
        (route_id, stop_id) 
    values
        (?, ?)
Hibernate: 
    insert 
    into
        route_stop
        (route_id, stop_id) 
    values
        (?, ?)
Hibernate: 
    insert 
    into
        route_tourguide
        (route_id, tourguide_id) 
    values
        (?, ?)
Hibernate: 
    insert 
    into
        route_driver
        (route_id, driver_id) 
    values
        (?, ?)
Hibernate: 
    insert 
    into
        route_stop
        (route_id, stop_id) 
    values
        (?, ?)
Hibernate: 
    insert 
    into
        route_stop
        (route_id, stop_id) 
    values
        (?, ?)
Hibernate: 
    insert 
    into
        route_stop
        (route_id, stop_id) 
    values
        (?, ?)
Hibernate: 
    insert 
    into
        route_tourguide
        (route_id, tourguide_id) 
    values
        (?, ?)
Hibernate: 
    insert 
    into
        route_tourguide
        (route_id, tourguide_id) 
    values
        (?, ?)
Hibernate: 
    insert 
    into
        route_stop
        (route_id, stop_id) 
    values
        (?, ?)
Hibernate: 
    insert 
    into
        route_stop
        (route_id, stop_id) 
    values
        (?, ?)
Hibernate: 
    select
        p1_0.id,
        p1_0.code,
        p1_0.date,
        p1_0.route_id,
        p1_0.totalPrice,
        p1_0.user_id 
    from
        Purchase p1_0 
    where
        p1_0.code=?
Hibernate: 
    insert 
    into
        Purchase
        (code, date, route_id, totalPrice, user_id) 
    values
        (?, ?, ?, ?, ?)
Hibernate: 
    select
        p1_0.id,
        p1_0.code,
        p1_0.date,
        p1_0.route_id,
        p1_0.totalPrice,
        p1_0.user_id 
    from
        Purchase p1_0 
    where
        p1_0.code=?
Hibernate: 
    insert 
    into
        Purchase
        (code, date, route_id, totalPrice, user_id) 
    values
        (?, ?, ?, ?, ?)
Hibernate: 
    select
        p1_0.id,
        p1_0.code,
        p1_0.date,
        p1_0.route_id,
        p1_0.totalPrice,
        p1_0.user_id 
    from
        Purchase p1_0 
    where
        p1_0.code=?
Hibernate: 
    insert 
    into
        Purchase
        (code, date, route_id, totalPrice, user_id) 
    values
        (?, ?, ?, ?, ?)
Hibernate: 
    select
        p1_0.id,
        p1_0.code,
        p1_0.date,
        p1_0.route_id,
        p1_0.totalPrice,
        p1_0.user_id 
    from
        Purchase p1_0 
    where
        p1_0.code=?
Hibernate: 
    insert 
    into
        Purchase
        (code, date, route_id, totalPrice, user_id) 
    values
        (?, ?, ?, ?, ?)
Hibernate: 
    select
        p1_0.id,
        p1_0.code,
        p1_0.date,
        p1_0.route_id,
        p1_0.totalPrice,
        p1_0.user_id 
    from
        Purchase p1_0 
    where
        p1_0.code=?
Hibernate: 
    insert 
    into
        Purchase
        (code, date, route_id, totalPrice, user_id) 
    values
        (?, ?, ?, ?, ?)
Hibernate: 
    select
        p1_0.id,
        p1_0.code,
        p1_0.date,
        p1_0.route_id,
        p1_0.totalPrice,
        p1_0.user_id 
    from
        Purchase p1_0 
    where
        p1_0.code=?
Hibernate: 
    insert 
    into
        Purchase
        (code, date, route_id, totalPrice, user_id) 
    values
        (?, ?, ?, ?, ?)
Hibernate: 
    select
        p1_0.id,
        p1_0.code,
        p1_0.date,
        p1_0.route_id,
        p1_0.totalPrice,
        p1_0.user_id 
    from
        Purchase p1_0 
    where
        p1_0.code=?
Hibernate: 
    insert 
    into
        Purchase
        (code, date, route_id, totalPrice, user_id) 
    values
        (?, ?, ?, ?, ?)
Hibernate: 
    select
        p1_0.id,
        p1_0.code,
        p1_0.date,
        p1_0.route_id,
        p1_0.totalPrice,
        p1_0.user_id 
    from
        Purchase p1_0 
    where
        p1_0.code=?
Hibernate: 
    insert 
    into
        Purchase
        (code, date, route_id, totalPrice, user_id) 
    values
        (?, ?, ?, ?, ?)
Hibernate: 
    select
        p1_0.id,
        p1_0.code,
        p1_0.date,
        p1_0.route_id,
        p1_0.totalPrice,
        p1_0.user_id 
    from
        Purchase p1_0 
    where
        p1_0.code=?
Hibernate: 
    insert 
    into
        Purchase
        (code, date, route_id, totalPrice, user_id) 
    values
        (?, ?, ?, ?, ?)
Hibernate: 
    select
        p1_0.id,
        p1_0.code,
        p1_0.date,
        p1_0.route_id,
        p1_0.totalPrice,
        p1_0.user_id 
    from
        Purchase p1_0 
    where
        p1_0.code=?
Hibernate: 
    insert 
    into
        Purchase
        (code, date, route_id, totalPrice, user_id) 
    values
        (?, ?, ?, ?, ?)
Hibernate: 
    select
        p1_0.id,
        p1_0.code,
        p1_0.date,
        p1_0.route_id,
        p1_0.totalPrice,
        p1_0.user_id 
    from
        Purchase p1_0 
    where
        p1_0.code=?
Hibernate: 
    insert 
    into
        Purchase
        (code, date, route_id, totalPrice, user_id) 
    values
        (?, ?, ?, ?, ?)
Hibernate: 
    select
        p1_0.id,
        p1_0.code,
        p1_0.date,
        p1_0.route_id,
        p1_0.totalPrice,
        p1_0.user_id 
    from
        Purchase p1_0 
    where
        p1_0.code=?
Hibernate: 
    insert 
    into
        Purchase
        (code, date, route_id, totalPrice, user_id) 
    values
        (?, ?, ?, ?, ?)
Hibernate: 
    select
        p1_0.id,
        p1_0.code,
        p1_0.date,
        p1_0.route_id,
        p1_0.totalPrice,
        p1_0.user_id 
    from
        Purchase p1_0 
    where
        p1_0.code=?
Hibernate: 
    insert 
    into
        Purchase
        (code, date, route_id, totalPrice, user_id) 
    values
        (?, ?, ?, ?, ?)
Hibernate: 
    select
        p1_0.id,
        p1_0.code,
        p1_0.date,
        p1_0.route_id,
        p1_0.totalPrice,
        p1_0.user_id 
    from
        Purchase p1_0 
    where
        p1_0.code=?
Hibernate: 
    insert 
    into
        Purchase
        (code, date, route_id, totalPrice, user_id) 
    values
        (?, ?, ?, ?, ?)
Hibernate: 
    select
        p1_0.id,
        p1_0.code,
        p1_0.date,
        p1_0.route_id,
        p1_0.totalPrice,
        p1_0.user_id 
    from
        Purchase p1_0 
    where
        p1_0.code=?
Hibernate: 
    insert 
    into
        Purchase
        (code, date, route_id, totalPrice, user_id) 
    values
        (?, ?, ?, ?, ?)
Hibernate: 
    select
        p1_0.id,
        p1_0.code,
        p1_0.date,
        p1_0.route_id,
        p1_0.totalPrice,
        p1_0.user_id 
    from
        Purchase p1_0 
    where
        p1_0.code=?
Hibernate: 
    insert 
    into
        Purchase
        (code, date, route_id, totalPrice, user_id) 
    values
        (?, ?, ?, ?, ?)
Hibernate: 
    select
        p1_0.id,
        p1_0.code,
        p1_0.date,
        p1_0.route_id,
        p1_0.totalPrice,
        p1_0.user_id 
    from
        Purchase p1_0 
    where
        p1_0.code=?
Hibernate: 
    insert 
    into
        Purchase
        (code, date, route_id, totalPrice, user_id) 
    values
        (?, ?, ?, ?, ?)
Hibernate: 
    select
        p1_0.id,
        p1_0.code,
        p1_0.date,
        p1_0.route_id,
        p1_0.totalPrice,
        p1_0.user_id 
    from
        Purchase p1_0 
    where
        p1_0.code=?
Hibernate: 
    insert 
    into
        Purchase
        (code, date, route_id, totalPrice, user_id) 
    values
        (?, ?, ?, ?, ?)
Hibernate: 
    select
        p1_0.id,
        p1_0.code,
        p1_0.date,
        p1_0.route_id,
        p1_0.totalPrice,
        p1_0.user_id 
    from
        Purchase p1_0 
    where
        p1_0.code=?
Hibernate: 
    insert 
    into
        Purchase
        (code, date, route_id, totalPrice, user_id) 
    values
        (?, ?, ?, ?, ?)
Hibernate: 
    select
        p1_0.id,
        p1_0.code,
        p1_0.date,
        p1_0.route_id,
        p1_0.totalPrice,
        p1_0.user_id 
    from
        Purchase p1_0 
    where
        p1_0.code=?
Hibernate: 
    insert 
    into
        Purchase
        (code, date, route_id, totalPrice, user_id) 
    values
        (?, ?, ?, ?, ?)
Hibernate: 
    insert 
    into
        ItemService
        (purchase_id, quantity, service_id) 
    values
        (?, ?, ?)
Hibernate: 
    insert 
    into
        ItemService
        (purchase_id, quantity, service_id) 
    values
        (?, ?, ?)
Hibernate: 
    insert 
    into
        ItemService
        (purchase_id, quantity, service_id) 
    values
        (?, ?, ?)
Hibernate: 
    insert 
    into
        ItemService
        (purchase_id, quantity, service_id) 
    values
        (?, ?, ?)
Hibernate: 
    insert 
    into
        ItemService
        (purchase_id, quantity, service_id) 
    values
        (?, ?, ?)
Hibernate: 
    insert 
    into
        ItemService
        (purchase_id, quantity, service_id) 
    values
        (?, ?, ?)
Hibernate: 
    insert 
    into
        ItemService
        (purchase_id, quantity, service_id) 
    values
        (?, ?, ?)
Hibernate: 
    insert 
    into
        ItemService
        (purchase_id, quantity, service_id) 
    values
        (?, ?, ?)
Hibernate: 
    insert 
    into
        ItemService
        (purchase_id, quantity, service_id) 
    values
        (?, ?, ?)
Hibernate: 
    insert 
    into
        ItemService
        (purchase_id, quantity, service_id) 
    values
        (?, ?, ?)
Hibernate: 
    insert 
    into
        ItemService
        (purchase_id, quantity, service_id) 
    values
        (?, ?, ?)
Hibernate: 
    insert 
    into
        ItemService
        (purchase_id, quantity, service_id) 
    values
        (?, ?, ?)
Hibernate: 
    insert 
    into
        ItemService
        (purchase_id, quantity, service_id) 
    values
        (?, ?, ?)
Hibernate: 
    insert 
    into
        ItemService
        (purchase_id, quantity, service_id) 
    values
        (?, ?, ?)
Hibernate: 
    insert 
    into
        ItemService
        (purchase_id, quantity, service_id) 
    values
        (?, ?, ?)
Hibernate: 
    insert 
    into
        ItemService
        (purchase_id, quantity, service_id) 
    values
        (?, ?, ?)
Hibernate: 
    insert 
    into
        ItemService
        (purchase_id, quantity, service_id) 
    values
        (?, ?, ?)
Hibernate: 
    insert 
    into
        ItemService
        (purchase_id, quantity, service_id) 
    values
        (?, ?, ?)
Hibernate: 
    insert 
    into
        ItemService
        (purchase_id, quantity, service_id) 
    values
        (?, ?, ?)
Hibernate: 
    insert 
    into
        ItemService
        (purchase_id, quantity, service_id) 
    values
        (?, ?, ?)
Hibernate: 
    insert 
    into
        ItemService
        (purchase_id, quantity, service_id) 
    values
        (?, ?, ?)
Hibernate: 
    insert 
    into
        ItemService
        (purchase_id, quantity, service_id) 
    values
        (?, ?, ?)
Hibernate: 
    insert 
    into
        ItemService
        (purchase_id, quantity, service_id) 
    values
        (?, ?, ?)
Hibernate: 
    insert 
    into
        ItemService
        (purchase_id, quantity, service_id) 
    values
        (?, ?, ?)
Hibernate: 
    insert 
    into
        Review
        (comment, purchase_id, rating) 
    values
        (?, ?, ?)
Hibernate: 
    insert 
    into
        Review
        (comment, purchase_id, rating) 
    values
        (?, ?, ?)
Hibernate: 
    insert 
    into
        Review
        (comment, purchase_id, rating) 
    values
        (?, ?, ?)
Hibernate: 
    insert 
    into
        Review
        (comment, purchase_id, rating) 
    values
        (?, ?, ?)
Hibernate: 
    insert 
    into
        Review
        (comment, purchase_id, rating) 
    values
        (?, ?, ?)
Hibernate: 
    insert 
    into
        Review
        (comment, purchase_id, rating) 
    values
        (?, ?, ?)
Hibernate: 
    insert 
    into
        Review
        (comment, purchase_id, rating) 
    values
        (?, ?, ?)
Hibernate: 
    insert 
    into
        Review
        (comment, purchase_id, rating) 
    values
        (?, ?, ?)
Hibernate: 
    insert 
    into
        Review
        (comment, purchase_id, rating) 
    values
        (?, ?, ?)
Hibernate: 
    insert 
    into
        Review
        (comment, purchase_id, rating) 
    values
        (?, ?, ?)
Hibernate: 
    insert 
    into
        Review
        (comment, purchase_id, rating) 
    values
        (?, ?, ?)
Hibernate: 
    insert 
    into
        Review
        (comment, purchase_id, rating) 
    values
        (?, ?, ?)
Hibernate: 
    insert 
    into
        Review
        (comment, purchase_id, rating) 
    values
        (?, ?, ?)
Hibernate: 
    insert 
    into
        Review
        (comment, purchase_id, rating) 
    values
        (?, ?, ?)
Hibernate: 
    insert 
    into
        Review
        (comment, purchase_id, rating) 
    values
        (?, ?, ?)
Hibernate: 
    insert 
    into
        Review
        (comment, purchase_id, rating) 
    values
        (?, ?, ?)
Hibernate: 
    update
        Purchase 
    set
        code=?,
        date=?,
        route_id=?,
        totalPrice=?,
        user_id=? 
    where
        id=?
Hibernate: 
    update
        Purchase 
    set
        code=?,
        date=?,
        route_id=?,
        totalPrice=?,
        user_id=? 
    where
        id=?
Hibernate: 
    update
        Purchase 
    set
        code=?,
        date=?,
        route_id=?,
        totalPrice=?,
        user_id=? 
    where
        id=?
Hibernate: 
    update
        Purchase 
    set
        code=?,
        date=?,
        route_id=?,
        totalPrice=?,
        user_id=? 
    where
        id=?
Hibernate: 
    update
        Purchase 
    set
        code=?,
        date=?,
        route_id=?,
        totalPrice=?,
        user_id=? 
    where
        id=?
Hibernate: 
    update
        Purchase 
    set
        code=?,
        date=?,
        route_id=?,
        totalPrice=?,
        user_id=? 
    where
        id=?
Hibernate: 
    update
        Purchase 
    set
        code=?,
        date=?,
        route_id=?,
        totalPrice=?,
        user_id=? 
    where
        id=?
Hibernate: 
    update
        Purchase 
    set
        code=?,
        date=?,
        route_id=?,
        totalPrice=?,
        user_id=? 
    where
        id=?
Hibernate: 
    update
        Purchase 
    set
        code=?,
        date=?,
        route_id=?,
        totalPrice=?,
        user_id=? 
    where
        id=?
Hibernate: 
    update
        Purchase 
    set
        code=?,
        date=?,
        route_id=?,
        totalPrice=?,
        user_id=? 
    where
        id=?
Hibernate: 
    update
        Purchase 
    set
        code=?,
        date=?,
        route_id=?,
        totalPrice=?,
        user_id=? 
    where
        id=?
Hibernate: 
    update
        Purchase 
    set
        code=?,
        date=?,
        route_id=?,
        totalPrice=?,
        user_id=? 
    where
        id=?
Hibernate: 
    update
        Purchase 
    set
        code=?,
        date=?,
        route_id=?,
        totalPrice=?,
        user_id=? 
    where
        id=?
Hibernate: 
    update
        Purchase 
    set
        code=?,
        date=?,
        route_id=?,
        totalPrice=?,
        user_id=? 
    where
        id=?
Hibernate: 
    update
        Purchase 
    set
        code=?,
        date=?,
        route_id=?,
        totalPrice=?,
        user_id=? 
    where
        id=?
Hibernate: 
    update
        Purchase 
    set
        code=?,
        date=?,
        route_id=?,
        totalPrice=?,
        user_id=? 
    where
        id=?
Hibernate: 
    update
        Purchase 
    set
        code=?,
        date=?,
        route_id=?,
        totalPrice=?,
        user_id=? 
    where
        id=?
Hibernate: 
    update
        Purchase 
    set
        code=?,
        date=?,
        route_id=?,
        totalPrice=?,
        user_id=? 
    where
        id=?
Hibernate: 
    select
        r1_0.id,
        r1_0.maxNumberOfUsers,
        r1_0.name,
        r1_0.price,
        r1_0.totalKm 
    from
        Route r1_0 
    where
        not exists(select
            1 
        from
            Purchase p1_0 
        where
            r1_0.id=p1_0.route_id)
]]></system-out>
  </testcase>
  <testcase name="getAllPurchasesOfUsernameTest" classname="unlp.info.bd2.ToursQuerysTests" time="0.012">
    <system-out><![CDATA[Hibernate: 
    select
        p1_0.id,
        p1_0.code,
        p1_0.date,
        p1_0.route_id,
        p1_0.totalPrice,
        p1_0.user_id 
    from
        Purchase p1_0 
    join
        users u1_0 
            on u1_0.id=p1_0.user_id 
    where
        u1_0.username=?
Hibernate: 
    select
        r1_0.id,
        r1_0.comment,
        r1_0.purchase_id,
        p1_0.id,
        p1_0.code,
        p1_0.date,
        p1_0.route_id,
        r2_0.id,
        r2_0.maxNumberOfUsers,
        r2_0.name,
        r2_0.price,
        r2_0.totalKm,
        p1_0.totalPrice,
        p1_0.user_id,
        u1_0.id,
        u1_0.user_type,
        u1_0.active,
        u1_0.birthdate,
        u1_0.email,
        u1_0.name,
        u1_0.password,
        u1_0.phoneNumber,
        u1_0.username,
        u1_0.expedient,
        u1_0.education,
        r1_0.rating 
    from
        Review r1_0 
    join
        Purchase p1_0 
            on p1_0.id=r1_0.purchase_id 
    left join
        Route r2_0 
            on r2_0.id=p1_0.route_id 
    left join
        users u1_0 
            on u1_0.id=p1_0.user_id 
    where
        r1_0.purchase_id=?
Hibernate: 
    select
        r1_0.id,
        r1_0.comment,
        r1_0.purchase_id,
        p1_0.id,
        p1_0.code,
        p1_0.date,
        p1_0.route_id,
        r2_0.id,
        r2_0.maxNumberOfUsers,
        r2_0.name,
        r2_0.price,
        r2_0.totalKm,
        p1_0.totalPrice,
        p1_0.user_id,
        u1_0.id,
        u1_0.user_type,
        u1_0.active,
        u1_0.birthdate,
        u1_0.email,
        u1_0.name,
        u1_0.password,
        u1_0.phoneNumber,
        u1_0.username,
        u1_0.expedient,
        u1_0.education,
        r1_0.rating 
    from
        Review r1_0 
    join
        Purchase p1_0 
            on p1_0.id=r1_0.purchase_id 
    left join
        Route r2_0 
            on r2_0.id=p1_0.route_id 
    left join
        users u1_0 
            on u1_0.id=p1_0.user_id 
    where
        r1_0.purchase_id=?
Hibernate: 
    select
        r1_0.id,
        r1_0.comment,
        r1_0.purchase_id,
        p1_0.id,
        p1_0.code,
        p1_0.date,
        p1_0.route_id,
        r2_0.id,
        r2_0.maxNumberOfUsers,
        r2_0.name,
        r2_0.price,
        r2_0.totalKm,
        p1_0.totalPrice,
        p1_0.user_id,
        u1_0.id,
        u1_0.user_type,
        u1_0.active,
        u1_0.birthdate,
        u1_0.email,
        u1_0.name,
        u1_0.password,
        u1_0.phoneNumber,
        u1_0.username,
        u1_0.expedient,
        u1_0.education,
        r1_0.rating 
    from
        Review r1_0 
    join
        Purchase p1_0 
            on p1_0.id=r1_0.purchase_id 
    left join
        Route r2_0 
            on r2_0.id=p1_0.route_id 
    left join
        users u1_0 
            on u1_0.id=p1_0.user_id 
    where
        r1_0.purchase_id=?
Hibernate: 
    select
        r1_0.id,
        r1_0.comment,
        r1_0.purchase_id,
        p1_0.id,
        p1_0.code,
        p1_0.date,
        p1_0.route_id,
        r2_0.id,
        r2_0.maxNumberOfUsers,
        r2_0.name,
        r2_0.price,
        r2_0.totalKm,
        p1_0.totalPrice,
        p1_0.user_id,
        u1_0.id,
        u1_0.user_type,
        u1_0.active,
        u1_0.birthdate,
        u1_0.email,
        u1_0.name,
        u1_0.password,
        u1_0.phoneNumber,
        u1_0.username,
        u1_0.expedient,
        u1_0.education,
        r1_0.rating 
    from
        Review r1_0 
    join
        Purchase p1_0 
            on p1_0.id=r1_0.purchase_id 
    left join
        Route r2_0 
            on r2_0.id=p1_0.route_id 
    left join
        users u1_0 
            on u1_0.id=p1_0.user_id 
    where
        r1_0.purchase_id=?
Hibernate: 
    select
        r1_0.id,
        r1_0.comment,
        r1_0.purchase_id,
        p1_0.id,
        p1_0.code,
        p1_0.date,
        p1_0.route_id,
        r2_0.id,
        r2_0.maxNumberOfUsers,
        r2_0.name,
        r2_0.price,
        r2_0.totalKm,
        p1_0.totalPrice,
        p1_0.user_id,
        u1_0.id,
        u1_0.user_type,
        u1_0.active,
        u1_0.birthdate,
        u1_0.email,
        u1_0.name,
        u1_0.password,
        u1_0.phoneNumber,
        u1_0.username,
        u1_0.expedient,
        u1_0.education,
        r1_0.rating 
    from
        Review r1_0 
    join
        Purchase p1_0 
            on p1_0.id=r1_0.purchase_id 
    left join
        Route r2_0 
            on r2_0.id=p1_0.route_id 
    left join
        users u1_0 
            on u1_0.id=p1_0.user_id 
    where
        r1_0.purchase_id=?
Hibernate: 
    select
        r1_0.id,
        r1_0.comment,
        r1_0.purchase_id,
        p1_0.id,
        p1_0.code,
        p1_0.date,
        p1_0.route_id,
        r2_0.id,
        r2_0.maxNumberOfUsers,
        r2_0.name,
        r2_0.price,
        r2_0.totalKm,
        p1_0.totalPrice,
        p1_0.user_id,
        u1_0.id,
        u1_0.user_type,
        u1_0.active,
        u1_0.birthdate,
        u1_0.email,
        u1_0.name,
        u1_0.password,
        u1_0.phoneNumber,
        u1_0.username,
        u1_0.expedient,
        u1_0.education,
        r1_0.rating 
    from
        Review r1_0 
    join
        Purchase p1_0 
            on p1_0.id=r1_0.purchase_id 
    left join
        Route r2_0 
            on r2_0.id=p1_0.route_id 
    left join
        users u1_0 
            on u1_0.id=p1_0.user_id 
    where
        r1_0.purchase_id=?
Hibernate: 
    select
        p1_0.id,
        p1_0.code,
        p1_0.date,
        p1_0.route_id,
        p1_0.totalPrice,
        p1_0.user_id 
    from
        Purchase p1_0 
    join
        users u1_0 
            on u1_0.id=p1_0.user_id 
    where
        u1_0.username=?
Hibernate: 
    select
        r1_0.id,
        r1_0.comment,
        r1_0.purchase_id,
        p1_0.id,
        p1_0.code,
        p1_0.date,
        p1_0.route_id,
        r2_0.id,
        r2_0.maxNumberOfUsers,
        r2_0.name,
        r2_0.price,
        r2_0.totalKm,
        p1_0.totalPrice,
        p1_0.user_id,
        u1_0.id,
        u1_0.user_type,
        u1_0.active,
        u1_0.birthdate,
        u1_0.email,
        u1_0.name,
        u1_0.password,
        u1_0.phoneNumber,
        u1_0.username,
        u1_0.expedient,
        u1_0.education,
        r1_0.rating 
    from
        Review r1_0 
    join
        Purchase p1_0 
            on p1_0.id=r1_0.purchase_id 
    left join
        Route r2_0 
            on r2_0.id=p1_0.route_id 
    left join
        users u1_0 
            on u1_0.id=p1_0.user_id 
    where
        r1_0.purchase_id=?
Hibernate: 
    select
        p1_0.id,
        p1_0.code,
        p1_0.date,
        p1_0.route_id,
        p1_0.totalPrice,
        p1_0.user_id 
    from
        Purchase p1_0 
    join
        users u1_0 
            on u1_0.id=p1_0.user_id 
    where
        u1_0.username=?
]]></system-out>
  </testcase>
  <testcase name="getRoutesWithStopTest" classname="unlp.info.bd2.ToursQuerysTests" time="0.013">
    <system-out><![CDATA[Hibernate: 
    select
        s1_0.id,
        s1_0.description,
        s1_0.name 
    from
        Stop s1_0 
    where
        s1_0.name like replace(?, '\\', '\\\\')
Hibernate: 
    select
        s1_0.id,
        s1_0.description,
        s1_0.name 
    from
        Stop s1_0 
    where
        s1_0.name like replace(?, '\\', '\\\\')
Hibernate: 
    select
        s1_0.id,
        s1_0.description,
        s1_0.name 
    from
        Stop s1_0 
    where
        s1_0.name like replace(?, '\\', '\\\\')
Hibernate: 
    select
        r1_0.id,
        r1_0.maxNumberOfUsers,
        r1_0.name,
        r1_0.price,
        r1_0.totalKm 
    from
        Route r1_0 
    join
        route_stop s1_0 
            on r1_0.id=s1_0.route_id 
    join
        Stop s1_1 
            on s1_1.id=s1_0.stop_id 
    where
        s1_1.id=?
Hibernate: 
    select
        r1_0.id,
        r1_0.maxNumberOfUsers,
        r1_0.name,
        r1_0.price,
        r1_0.totalKm 
    from
        Route r1_0 
    join
        route_stop s1_0 
            on r1_0.id=s1_0.route_id 
    join
        Stop s1_1 
            on s1_1.id=s1_0.stop_id 
    where
        s1_1.id=?
Hibernate: 
    select
        r1_0.id,
        r1_0.maxNumberOfUsers,
        r1_0.name,
        r1_0.price,
        r1_0.totalKm 
    from
        Route r1_0 
    join
        route_stop s1_0 
            on r1_0.id=s1_0.route_id 
    join
        Stop s1_1 
            on s1_1.id=s1_0.stop_id 
    where
        s1_1.id=?
]]></system-out>
  </testcase>
  <testcase name="getMaxStopOfRoutesTest" classname="unlp.info.bd2.ToursQuerysTests" time="0.019">
    <system-out><![CDATA[Hibernate: 
    select
        max((select
            count(1) 
        from
            route_stop s1_0 
        where
            r1_0.id=s1_0.route_id)) 
    from
        Route r1_0
]]></system-out>
  </testcase>
  <testcase name="getTopNSuppliersInPurchasesTest" classname="unlp.info.bd2.ToursQuerysTests" time="0.01">
    <system-out><![CDATA[Hibernate: 
    select
        s1_0.id,
        s1_0.authorizationNumber,
        s1_0.businessName 
    from
        Supplier s1_0 
    join
        services s2_0 
            on s1_0.id=s2_0.supplier_id 
    join
        ItemService isl1_0 
            on s2_0.id=isl1_0.service_id 
    group by
        s1_0.id 
    order by
        count(isl1_0.id) desc 
    limit
        ?
Hibernate: 
    select
        s1_0.id,
        s1_0.authorizationNumber,
        s1_0.businessName 
    from
        Supplier s1_0 
    join
        services s2_0 
            on s1_0.id=s2_0.supplier_id 
    join
        ItemService isl1_0 
            on s2_0.id=isl1_0.service_id 
    group by
        s1_0.id 
    order by
        count(isl1_0.id) desc 
    limit
        ?
]]></system-out>
  </testcase>
  <testcase name="init" classname="unlp.info.bd2.ToursQuerysTests" time="0.001"/>
  <testcase name="getUserSpendingMoreThanTest" classname="unlp.info.bd2.ToursQuerysTests" time="0.006">
    <system-out><![CDATA[Hibernate: 
    select
        distinct u1_0.id,
        u1_0.user_type,
        u1_0.active,
        u1_0.birthdate,
        u1_0.email,
        u1_0.name,
        u1_0.password,
        u1_0.phoneNumber,
        u1_0.username,
        u1_0.expedient,
        u1_0.education 
    from
        Purchase p1_0 
    join
        users u1_0 
            on u1_0.id=p1_0.user_id 
    where
        p1_0.totalPrice>=?
Hibernate: 
    select
        distinct u1_0.id,
        u1_0.user_type,
        u1_0.active,
        u1_0.birthdate,
        u1_0.email,
        u1_0.name,
        u1_0.password,
        u1_0.phoneNumber,
        u1_0.username,
        u1_0.expedient,
        u1_0.education 
    from
        Purchase p1_0 
    join
        users u1_0 
            on u1_0.id=p1_0.user_id 
    where
        p1_0.totalPrice>=?
Hibernate: 
    select
        distinct u1_0.id,
        u1_0.user_type,
        u1_0.active,
        u1_0.birthdate,
        u1_0.email,
        u1_0.name,
        u1_0.password,
        u1_0.phoneNumber,
        u1_0.username,
        u1_0.expedient,
        u1_0.education 
    from
        Purchase p1_0 
    join
        users u1_0 
            on u1_0.id=p1_0.user_id 
    where
        p1_0.totalPrice>=?
]]></system-out>
  </testcase>
  <testcase name="getMostDemandedServiceTest" classname="unlp.info.bd2.ToursQuerysTests" time="0.003">
    <system-out><![CDATA[Hibernate: 
    select
        s1_0.id,
        s1_0.description,
        s1_0.name,
        s1_0.price,
        s1_0.supplier_id 
    from
        services s1_0 
    join
        ItemService isl1_0 
            on s1_0.id=isl1_0.service_id 
    group by
        s1_0.id 
    order by
        sum(isl1_0.quantity) desc 
    limit
        ?
Hibernate: 
    select
        s1_0.id,
        s1_0.authorizationNumber,
        s1_0.businessName 
    from
        Supplier s1_0 
    where
        s1_0.id=?
]]></system-out>
  </testcase>
  <testcase name="getTourGuidesWithRating1Test" classname="unlp.info.bd2.ToursQuerysTests" time="0.01">
    <system-out><![CDATA[Hibernate: 
    select
        distinct tg1_1.id,
        tg1_1.active,
        tg1_1.birthdate,
        tg1_1.email,
        tg1_1.name,
        tg1_1.password,
        tg1_1.phoneNumber,
        tg1_1.username,
        tg1_1.education 
    from
        Route r1_0 
    join
        route_tourguide tg1_0 
            on r1_0.id=tg1_0.route_id 
    join
        (select
            * 
        from
            users t 
        where
            t.user_type='GUIDE') tg1_1 
            on tg1_1.id=tg1_0.tourguide_id, Purchase p1_0 
    join
        Review r3_0 
            on p1_0.id=r3_0.purchase_id 
    where
        p1_0.route_id=r1_0.id 
        and r3_0.rating=1
]]></system-out>
  </testcase>
  <testcase name="getTop3RoutesWithMaxRatingTest" classname="unlp.info.bd2.ToursQuerysTests" time="0.005">
    <system-out><![CDATA[Hibernate: 
    select
        r1_0.id,
        r1_0.maxNumberOfUsers,
        r1_0.name,
        r1_0.price,
        r1_0.totalKm 
    from
        Purchase p1_0 
    join
        Route r1_0 
            on r1_0.id=p1_0.route_id 
    join
        Review r2_0 
            on p1_0.id=r2_0.purchase_id 
    where
        r2_0.id is not null 
    group by
        r1_0.id 
    order by
        avg(r2_0.rating) desc 
    limit
        ?
]]></system-out>
  </testcase>
  <testcase name="getCountOfPurchasesBetweenDatesTest" classname="unlp.info.bd2.ToursQuerysTests" time="0.007">
    <system-out><![CDATA[Hibernate: 
    select
        count(p1_0.id) 
    from
        Purchase p1_0 
    where
        p1_0.date between ? and ?
Hibernate: 
    select
        count(p1_0.id) 
    from
        Purchase p1_0 
    where
        p1_0.date between ? and ?
Hibernate: 
    select
        count(p1_0.id) 
    from
        Purchase p1_0 
    where
        p1_0.date between ? and ?
]]></system-out>
  </testcase>
</testsuite>